<?xml version="1.0" encoding="UTF-8"?>
<testng-results skipped="0" failed="0" ignored="0" total="1" passed="1">
  <reporter-output>
  </reporter-output>
  <suite name="Default suite" duration-ms="3434" started-at="2022-08-28T14:52:11 CDT" finished-at="2022-08-28T14:52:15 CDT">
    <groups>
    </groups>
    <test name="Default test" duration-ms="3434" started-at="2022-08-28T14:52:11 CDT" finished-at="2022-08-28T14:52:15 CDT">
      <class name="test.Test_TN3">
        <test-method status="PASS" signature="clickMonthDropDown()[pri:0, instance:test.Test_TN3@15d0c81b]" name="clickMonthDropDown" duration-ms="3392" started-at="2022-08-28T14:52:11 CDT" finished-at="2022-08-28T14:52:15 CDT">
          <reporter-output>
          </reporter-output>
        </test-method> <!-- clickMonthDropDown -->
      </class> <!-- test.Test_TN3 -->
    </test> <!-- Default test -->
  </suite> <!-- Default suite -->
</testng-results>
